41861 1125 539 320
36036 1125 539 320
9421 1125 539 320
9421 1125 539 320
9421 1125 539 320
9421 1125 539 320
9421 1125 539 320
9421 1125 539 320
9421 1125 539 320
9421 1125 539 320
9421 1125 539 320
9421 1125 539 320
9421 1125 539 320
9421 1125 539 320
9421 1125 539 320
9421 1125 539 320
9421 1125 539 320
9421 1125 539 320
9421 1125 539 320
9421 1125 539 320
9421 1125 539 320
9421 1125 539 320
9421 1125 539 320
9421 1125 539 320
9421 1125 539 320
9421 1125 539 320
9421 1125 3661 320
9421 21772 3661 320
9421 21772 2361 320
9421 21772 26225 320
8902 21772 26225 320
36295 21772 26225 320
1482 946 26225 320
1482 946 26225 320
34003 946 27953 320
34003 946 27953 320
34003 946 27953 320
34003 946 27953 320
13 16585 27953 320
13 16585 27953 320
12534 16585 27953 320
12534 16585 27953 320
12534 16585 27953 320
7337 16585 27953 320
7337 16585 27953 320
7337 16585 27953 320
7337 16585 27953 320
7337 16585 27953 320
7337 16585 27953 320
454 38577 27953 320
454 4771 27953 9264
454 4771 27953 9264
454 4771 27953 550
48129 13288 27953 550
48129 13288 27953 550
48129 13288 27953 550
48129 4605 27953 550
48129 37574 27953 550
48129 37574 27953 550
48129 42602 27953 550
48129 42602 27953 550
18106 15319 27953 550
6650 47089 27953 550
48061 45244 27953 550
1407 41335 27953 550
18356 7477 27953 550
18356 42024 27953 550
18356 5643 27953 550
18356 5643 27953 550
18356 11757 27953 550
18356 11757 27953 550
18356 11757 11573 550
18356 13150 11573 550
18356 13150 11573 550
18356 27933 11573 550
18356 27933 11573 3457
18577 5014 11573 3457
25525 5014 11573 17082
1446 5014 2559 17082
1446 5014 2559 17082
1446 5014 2559 17082
1446 5014 2559 17082
1446 5014 2559 17082
1446 5014 2559 17082
1446 5014 2559 17082
1446 5014 2559 17082
1446 5014 2559 320
1446 5014 2559 320
1446 5014 2559 320
1446 5014 30074 320
1446 5014 11933 320
1446 5014 15995 320
1446 5014 26225 320
1446 258 26225 320
1446 42234 26225 320
4191 42234 26225 320
45968 42234 26225 320
2201 42234 26225 320
38717 42234 26225 320
34454 42234 26225 320
424 42234 26225 320
9119 42234 26225 320
9119 42234 26225 320
9119 42234 26225 320
32134 42234 26225 320
36717 42234 26225 320
36717 42234 26225 320
8641 42234 26225 320
36036 42234 26225 320
731 42234 26225 320
731 42234 26225 320
731 42234 26225 320
39352 42234 26225 320
36783 1163 26225 320
20344 35402 26225 320
20344 7395 26225 320
20344 7395 26225 320
20344 7395 26225 320
20344 44799 26225 320
20344 33209 21641 320
20344 33209 21641 320
20344 35401 21641 320
20344 35401 21641 320
20344 35401 21641 320
20344 35401 21641 320
20344 1551 2107 320
20344 1551 18741 320
20344 35789 18741 320
20344 35789 18741 320
20344 920 18741 320
20344 920 18741 320
20344 46103 41888 320
20344 46103 22398 320
20344 46103 35532 320
20344 46103 35532 320
20344 10446 20135 320
20344 10446 20135 320
20344 10446 896 320
20344 10446 2432 320
20344 10446 2432 746
20344 10446 2432 5604
20344 45632 2432 12567
20344 9813 35532 29636
20344 9813 21 29636
20344 9813 34522 1033
20344 46588 18741 1033
20344 46588 18741 1033
20344 23175 18741 652
20344 23175 21208 652
20344 23175 316 9363
20344 23175 316 9363
20344 23175 316 9363
20344 23175 316 11124
20344 23175 316 11124
20344 23175 316 320
3651 23175 316 320
48014 23175 316 320
48014 23175 316 320
48014 23175 316 320
39163 23175 316 320
40232 23175 316 320
40232 23175 316 320
40232 23175 316 320
40232 23175 316 320
40232 23175 316 320
40232 23175 316 320
40232 11407 316 320
40232 11407 316 320
23703 11407 316 320
23703 14177 316 320
23703 14177 316 320
23703 14177 316 320
23703 14177 316 320
23703 14177 316 320
23703 14177 316 320
23703 14177 316 320
23703 14177 316 320
23703 14177 316 320
23703 14177 316 320
23703 14177 316 2242
23703 14177 316 9854
23703 1150 316 9854
23703 1150 316 9854
23703 1150 316 9854
23703 1150 316 9854
23703 1150 316 9854
23703 1150 316 9854
23703 1150 316 4176
23703 1150 316 7395
23703 1150 316 7395
23703 1150 316 589
23703 1150 316 589
23703 1150 316 589
23703 1150 316 589
23703 1150 316 589
23703 1150 316 589
23703 1150 316 392
23703 1150 316 3628
23703 1150 316 3628
23703 1150 316 3628
23703 1150 316 3628
23703 1150 316 3628
23703 1150 316 3628
23703 1150 316 3628
23703 1150 316 3628
23703 1150 316 3628
23703 1150 316 3628
23703 1150 316 3628
23703 1150 316 3628
23703 1150 316 3628
23703 1150 316 3628
23703 1150 316 3628
23703 1150 316 3628
23703 1150 316 3628
23703 1150 316 3628
23703 1150 316 3628
23703 1150 316 3628
23703 1150 316 3628
23703 1150 316 3628
23703 1150 316 3628
23703 1150 316 3628
23703 1150 316 3628
23703 1150 316 3628
23703 1150 316 3628
23703 1150 316 3628
23703 1150 316 3628
23703 1150 316 3628
23703 1150 316 3628
23703 1150 316 3628
23703 1150 316 3628
23703 1150 316 3628
23703 1150 316 3628
23703 1150 316 3628
23703 1150 316 3628
23703 1150 316 3628
23703 1150 316 3628
23703 1150 316 3628
23703 1150 316 3628
23703 1150 316 3628
23703 1150 316 3628
23703 1150 316 3628
23703 1150 316 3628
23703 1150 316 3628
23703 1150 316 3628
23703 1150 316 3628
23703 3621 316 3628
5737 11929 316 3628
5737 11929 316 3628
5737 11929 316 1848
186 11929 316 1848
186 11929 316 1848
186 11929 316 1848
186 11929 316 1848
5022 11929 316 1848
14098 11929 316 1848
13021 11929 316 1848
13021 11929 42833 1848
13021 35811 42833 1848
13021 35811 43371 1848
37081 47388 43371 1848
1867 15259 43371 1848
24418 15259 43371 1848
11178 15259 36476 1848
703 21910 10353 1848
703 21910 13016 1848
703 17082 13016 1848
703 17082 637 2582
35722 41488 13 2582
622 41488 5014 2582
622 43238 3426 2582
622 12431 34567 2582
622 38282 22885 2582
622 38282 22885 2582
622 28060 698 2582
16175 28060 258 2582
16175 2246 258 2582
1010 2246 258 3628
7395 2246 258 3628
7395 2246 258 3628
17315 2246 258 3628
17315 2246 258 3628
17315 2246 258 3628
17315 2246 5106 3628
17315 19601 9363 3628
17315 19601 9363 3628
17315 19601 9363 3628
34213 19601 8640 3628
34213 19601 8640 3628
1708 11 1215 3628
1708 42134 1215 3628
1708 45875 1215 3628
1708 45875 1215 3628
47388 28738 1215 3628
47388 28738 9344 3628
9278 25120 7089 3628
46900 19881 7089 3628
5555 19881 7089 3628
5555 19881 7089 3628
5555 4000 7089 3628
717 773 7089 3628
717 773 7089 3628
717 773 7089 3628
717 773 7089 3628
717 773 7089 3628
717 773 7089 3628
717 773 7089 1215
717 773 7089 1215
717 773 7089 1215
717 15274 7089 1215
717 9366 23569 1215
717 22715 768 1215
717 22460 768 1215
11500 22460 2495 1215
11500 22460 257 1215
26405 22460 257 1215
26405 22460 257 1215
26405 22460 257 1215
26405 22460 257 1215
26405 16020 257 1215
257 8723 257 1215
4443 2442 35938 1215
36231 2442 0 1215
23876 18266 0 40345
23876 43305 0 40345
13578 43305 0 40345
22208 33503 0 40345
22208 23956 5376 40345
31771 30629 26225 40345
13111 30629 26225 40345
13111 45746 26225 40345
1621 45746 26225 40345
31571 6935 26225 40345
1598 6935 26225 40345
1598 6935 26225 40345
33382 6935 26225 40345
35708 6935 26225 40345
15339 6935 26225 40345
15339 6935 26225 40345
196 3865 26225 40345
23367 44754 26225 40345
23367 24 26225 40345
23367 23856 26225 40345
23367 23856 26225 40345
23367 27464 26225 40345
23367 27464 26225 40345
23367 27464 26225 40345
48273 27464 26225 40345
48273 27464 39010 40345
48273 27464 39010 40345
42383 27464 26225 40345
42383 27464 26225 40345
42383 27464 26225 40345
298 27464 26225 40345
14255 27464 26225 40345
14255 27464 26225 40345
14255 27464 26225 40345
14255 27464 26225 40345
40403 27464 26225 40345
25989 38671 26225 40345
14533 38671 26225 40345
14533 34342 26225 40345
45374 5470 26225 40345
1025 44335 26225 40345
1025 44335 26225 40345
1025 44335 26225 40345
1025 38161 26225 40345
282 38161 26225 40345
15042 38161 26225 40345
15042 38161 26225 40345
36092 38161 26225 40345
38576 10566 26225 40345
44477 10566 26225 40345
15042 10566 26225 40345
15042 33392 26225 40345
46923 33392 26225 40345
46923 32964 26225 40345
25599 32964 26225 40345
25599 28721 26225 40345
29216 21361 26225 40345
29216 7128 26225 40345
29216 7594 26225 40345
29216 7594 26225 40345
29216 7594 26225 40345
29216 7594 26225 40345
29216 7594 26225 40345
29216 13323 26225 40345
29216 32310 26225 40345
29216 32310 26225 40345
29216 32310 26225 40345
29216 32310 26225 40345
29216 32310 26225 40345
29216 32310 26225 40345
29216 32310 26225 40345
29216 32310 26225 40345
29216 32310 26225 40345
29216 32310 26225 40345
29216 32310 26225 40345
29216 32310 26225 40345
29216 32310 26225 40345
29216 32310 26225 40345
29216 32310 26225 40345
28508 32310 26225 40345
28508 32310 26225 40345
28508 32310 26225 40345
16575 32310 26225 40345
8491 32310 26225 40345
8491 32310 26225 40345
8491 32310 26225 40345
8491 32310 26225 40345
31854 32310 26225 40345
31854 25645 26225 40345
31854 25645 26225 40345
31854 41239 26225 1380
4191 41239 26225 1380
4191 43599 26225 1380
1446 43599 26225 1380
1446 43599 26225 1380
1446 43599 26225 1380
17596 43599 26225 550
17596 45337 26225 550
17596 1033 26225 550
17596 1033 26225 550
17596 1033 26225 550
17596 1033 26225 550
13038 1033 26225 550
13038 1033 26225 550
13038 450 26225 550
13038 450 26225 550
13038 13089 26225 550
13038 9215 26225 550
11929 9215 26225 550
11929 9215 26225 550
11929 9215 3628 550
11929 9215 3628 550
11929 9215 3628 550
11929 3419 35475 550
11929 3419 35475 550
11929 27953 35475 550
11929 27953 35475 550
11929 27953 35475 550
11929 27953 35475 550
11929 27953 35475 550
11929 27953 35475 550
11929 27953 35475 550
11929 27953 35475 550
11929 27953 35475 550
11929 27953 10982 550
11929 27953 1754 550
11929 27953 1754 550
11929 27953 1754 550
11929 27953 1754 550
11929 27953 1754 550
11929 27953 1754 550
11929 27953 1754 550
11929 27953 1754 550
11929 27953 34466 550
11929 27953 34466 550
11929 27953 5376 550
11929 27953 5376 550
11929 27953 5376 550
3578 27953 5376 550
3578 27953 5376 550
3578 27953 5376 550
3578 27953 5376 550
3578 27953 5376 550
32849 27953 5376 550
1842 10566 5376 550
2272 10566 17994 550
1435 20368 17994 550
6786 37566 17994 550
1247 37566 17994 550
1247 37566 37748 550
1247 37566 37748 550
1247 5038 37748 550
1247 5038 37748 550
1247 946 37748 550
1247 946 37748 550
1247 946 3020 550
1247 946 3628 550
1247 946 3628 550
1247 946 3628 550
1247 946 3628 550
1247 946 17791 550
1247 38161 17791 550
1247 38161 17791 550
1247 38161 17791 550
1247 38161 17791 550
1247 38161 17791 550
1247 38161 17791 550
1247 38161 17791 550
1247 38161 17791 550
1247 38161 17791 550
1247 38161 17791 550
1247 38161 17791 550
1247 38161 17791 550
1247 38161 17791 550
1247 38161 17791 550
1247 38161 17791 550
1247 38161 17791 550
1247 38161 17791 550
1247 38161 17791 550
1247 38161 17791 550
1247 38161 17791 550
1247 15630 17791 550
1247 15630 17791 550
1247 15630 17791 550
1247 26557 17791 550
1247 46923 17791 550
1247 24436 17791 550
1247 445 17791 550
1247 40232 17791 550
1247 16575 30384 550
1247 16575 40493 550
1247 18840 40493 550
1247 18840 40493 550
4191 48340 40493 550
4191 24158 40493 550
4191 24158 40493 550
4191 34700 40493 550
4191 48340 40493 550
4191 38964 40493 550
4191 38964 40493 550
4191 38964 40493 550
4191 38964 40493 550
4191 38964 40493 550
4191 38964 40493 550
4191 61 40493 550
4191 13681 40493 550
4191 13681 40493 550
4191 13681 40493 550
4191 13681 40493 550
4191 13681 40493 550
4191 13681 40493 550
4191 13681 40493 550
4191 13681 40493 550
4191 13681 40493 550
4191 5705 40493 550
4191 5705 40493 550
4191 43002 40493 550
4191 9171 40493 550
4191 9171 40493 550
4191 9171 40493 550
4191 9171 40493 550
4191 9171 40493 550
4191 15312 40493 550
4191 11992 40493 550
4191 34920 40493 550
4191 800 40493 550
4191 800 40493 550
4191 24809 40493 550
4191 24809 40493 550
4191 11616 40493 550
4191 11616 40493 550
4191 43486 40493 550
4191 43486 40493 550
4191 43486 40493 550
4191 43486 40493 550
4191 43486 40493 550
4191 43486 40493 550
4191 43486 40493 550
4191 43486 40493 550
4191 43486 40493 550
4191 43486 40493 550
4191 318 40493 550
4191 574 40493 550
4191 28122 40493 550
4191 1192 35637 550
4191 1192 35637 550
4191 1192 35637 550
4191 1192 35637 550
4191 1192 35637 550
4191 1192 35637 550
14307 1192 35637 550
14307 27087 35637 550
14307 1302 35637 550
17315 1302 35637 550
17315 1302 18924 550
17315 1302 18924 550
17315 1302 18924 550
17315 1302 18924 550
17315 1302 18924 550
17315 1302 18924 550
17315 1302 18924 550
17315 1302 18924 550
17315 1302 18924 550
17315 1302 18924 550
17315 1302 18924 550
17315 1302 18924 550
17315 1302 18924 550
17315 1302 18924 550
17315 1302 18924 550
17315 1302 18924 550
17315 1302 18924 550
17315 41223 18924 550
17315 41223 18924 550
17315 15487 18924 550
17315 15487 18924 550
17315 15487 18924 550
17315 15487 18924 550
17315 15487 18924 550
17315 15487 18924 550
17315 15487 18924 550
17315 15487 18924 550
17315 15487 18924 550
17315 15487 18924 550
17315 15487 18924 550
17315 15487 18924 550
17315 15487 18924 550
17315 15487 18924 550
17315 15487 18924 550
17315 15487 18924 550
17315 15487 18924 550
17315 15487 18924 550
17315 15487 18924 550
17315 15487 18924 550
17315 15487 18924 550
17315 14783 18924 550
17315 14783 18924 550
17315 14783 18924 550
17315 14783 18924 550
17315 14783 18924 550
17315 14783 18924 550
17315 14783 18924 550
17315 14783 18924 550
17315 14783 18924 550
17315 14783 18924 550
17315 14783 18924 550
17315 14783 18924 550
17315 14783 18924 550
17315 14783 18924 550
14391 14783 18924 550
1036 45049 18924 550
1036 45049 18924 550
1036 45049 18924 550
1036 45049 18924 550
1036 45049 18924 550
1036 45049 18924 550
1036 45049 18924 550
1036 45049 18924 550
1036 45049 18924 550
1036 45049 18924 550
1036 45049 18924 550
1036 45049 18924 550
1036 45049 42922 550
8260 24206 42922 550
8714 24206 42922 550
8714 24206 42922 550
38282 17047 42922 550
15538 39675 42922 550
1446 39675 42922 550
1446 39675 42922 550
1446 39675 40713 550
1446 18581 40713 550
1446 18581 40713 550
1446 18581 40713 550
1446 18581 40713 550
1446 18581 40713 550
1446 18581 40713 550
1446 18581 40713 550
1446 18581 40713 550
1446 18581 40713 550
1446 18581 40713 550
1446 18581 40713 550
1446 18581 40713 550
1446 18581 40713 550
1446 18581 40713 550
1446 18581 40713 550
1446 18581 40713 550
1446 18581 40713 550
1446 18581 40713 550
1446 18581 40713 550
1446 18581 40713 550
1446 18581 40713 550
1446 18581 40713 550
1446 18581 40713 550
1446 18581 40713 550
1446 18581 40713 550
1446 18581 40713 550
1446 18581 40713 550
1446 18581 40713 550
1446 18581 40713 550
1446 18581 40713 550
1446 18581 40713 550
1446 18581 40713 550
1446 18581 40713 550
1446 31243 40713 550
1446 21570 40713 550
1446 47413 40713 550
1446 6535 40713 550
1446 6535 40713 550
1446 6535 40713 550
1446 29397 40713 550
1446 29397 40713 550
1446 29397 40713 550
1446 29397 40713 550
1446 29397 40713 550
1446 29397 40713 550
1446 29397 40713 550
1446 40345 40713 550
1446 40345 40713 550
1446 2077 40713 550
1446 15733 40713 550
1446 6160 15274 550
30495 6160 15274 550
30495 6160 15274 550
30495 6160 15274 550
30495 6160 15274 550
30495 6160 15274 550
26379 6160 15274 550
26379 6160 15274 550
26379 6160 15274 1380
44320 6160 15274 1380
18765 22430 15274 1380
24752 22430 15274 550
46579 22430 15274 550
17127 22430 15274 550
17127 22430 15274 550
17127 22430 15274 550
27846 32543 15274 550
27846 32543 15274 550
27846 32543 15274 550
23245 45159 15274 550
23245 2532 15274 550
23245 2532 15274 550
23245 2532 15274 550
23245 2532 15274 550
37566 46667 29757 550
6748 46667 29757 550
6748 46667 44405 550
6748 46667 15502 550
6748 46667 3893 550
6748 46667 3893 550
6748 46667 2988 550
6748 46667 2988 550
6748 46667 2988 550
6748 46667 17425 550
6748 46667 17425 550
6748 46667 17425 550
6748 46667 17425 550
6748 46667 17425 550
6748 46667 29707 550
6748 46667 29707 550
6748 46667 36930 550
6748 46667 38298 550
6748 1624 781 550
6748 14516 781 40345
6748 14516 781 550
28765 22460 781 550
28765 14759 781 550
28765 14759 781 550
28765 1498 781 550
28765 1498 781 550
28765 1498 781 550
28765 1498 781 550
28765 450 781 550
4265 31463 781 550
4265 31463 781 550
4265 31463 781 550
4265 31463 781 550
7 31463 781 550
7 31463 781 550
7 31463 781 550
7 31463 781 550
7 31463 781 550
7 31463 781 550
33780 48952 781 550
33780 48952 781 550
33780 48952 781 550
33780 17272 781 550
33780 17272 781 550
33780 17272 781 550
33780 17272 781 550
33780 17272 781 550
33780 17272 781 550
661 36043 781 550
661 23612 781 550
661 452 781 550
661 452 781 550
661 39810 781 550
30843 268 781 550
48679 9459 781 550
1247 27900 781 550
1247 28882 781 550
1247 28882 781 550
1247 28882 781 550
1247 28882 781 550
1247 28882 781 550
1247 28882 781 550
1247 28882 781 550
1247 28882 781 550
1247 7327 781 550
1247 7327 781 550
1247 7327 781 550
3263 7327 781 550
1247 7327 781 550
1247 7327 781 550
1247 7327 781 550
1247 7327 781 550
1247 7327 781 550
1247 7327 781 550
1247 7327 781 550
1247 7327 781 550
1247 7327 781 550
1247 7327 781 550
1247 7327 781 550
1247 7327 781 550
1247 7327 781 550
1247 7327 781 550
1247 7327 781 550
1247 7327 781 550
1247 7327 781 550
1247 7327 781 550
1247 7327 781 550
1247 7327 781 550
1247 7327 781 550
1247 7327 781 550
1247 7327 781 550
1247 7327 781 550
1247 7327 781 550
1247 7327 781 550
1247 7327 781 550
3263 7327 781 550
3263 7327 781 550
3263 7327 781 550
3263 7327 781 550
3263 7327 781 550
3263 7327 781 550
3263 7327 781 550
3263 7327 781 550
3263 7327 781 550
3263 7327 781 550
3263 7327 781 550
3263 7327 781 550
3263 7327 781 550
3263 7327 781 550
3263 7327 781 550
3263 7327 781 550
3263 7327 781 550
3263 7327 781 550
3263 7327 781 550
3263 7327 781 550
3263 7327 781 550
3263 7327 781 550
3263 7327 781 550
3263 7327 781 550
3263 7327 781 550
3263 7327 781 550
3263 7327 781 550
3263 7327 781 550
3263 7327 781 550
3263 7327 781 550
3263 7327 781 550
3263 7327 781 550
3263 7327 781 550
3263 7327 781 550
9513 7327 781 550
9513 7327 781 550
9513 7327 781 550
9513 7327 781 550
9513 7327 781 550
45145 7327 781 550
20368 7327 781 550
20368 7327 781 550
20368 7327 781 550
20368 7327 781 550
20368 7327 781 550
20368 7327 781 550
20368 7327 781 550
20368 7327 781 550
20368 7327 781 550
20368 7327 781 550
20368 7327 781 550
20368 7327 781 550
20368 7327 781 550
20368 7327 781 550
20368 7327 781 550
20368 7327 781 550
20368 7327 781 550
20368 7327 781 550
20368 7327 781 550
20368 7327 781 550
20368 7327 781 550
20368 7327 781 550
20368 7327 781 550
20368 7327 781 550
20368 7327 781 550
20368 7327 781 550
20368 7327 781 550
20368 7327 781 550
20368 7327 781 550
20368 7327 781 550
20368 7327 781 550
20368 7327 781 550
20368 7327 781 550
20368 7327 781 550
20368 7327 781 550
20368 7327 781 550
20368 7327 781 550
20368 13456 781 550
20368 13456 781 550
20368 13456 4834 550
20368 13456 4834 550
20368 13456 4834 550
20368 13456 4834 550
20368 13456 4834 550
20368 13456 4834 550
20368 13456 4834 550
20368 13456 4834 550
20368 13456 4834 550
20368 13456 4834 550
20368 13456 4834 550
20368 13456 4834 550
20368 13456 4834 550
20368 13456 4834 550
20368 13456 4834 550
20368 13456 4834 550
20368 13456 4834 550
20368 13456 4834 550
20368 13456 4834 550
20368 13456 4834 550
20368 13456 4834 550
20368 13456 4834 550
20368 13456 4834 550
20368 13456 4834 550
20368 13456 4834 550
20368 13456 4834 550
20368 13456 4834 550
20368 13456 4834 550
20368 13456 4834 550
20368 13456 4834 550
20368 13456 4834 550
20368 13456 4834 550
20368 13456 4834 550
20368 13456 4834 550
20368 13456 4834 550
20368 13456 4834 550
20368 11735 46051 550
20368 11735 46051 550
20368 11735 46051 550
20368 11735 2582 550
20368 7667 3494 550
20368 7667 3494 550
20368 7667 3494 550
20368 7667 3494 550
20368 7667 3494 550
20368 7667 3494 550
20368 7667 3494 550
20368 7667 3494 550
20368 7667 3494 550
20368 7667 3494 550
20368 7667 3494 550
20368 7667 3494 550
20368 7667 22431 550
20368 1107 13375 550
20368 1107 13375 550
20368 1107 13375 550
20368 1107 13375 550
4368 41113 13375 550
11603 41113 11395 550
18351 41113 5276 550
17315 41113 5276 550
17315 41113 5276 550
17315 41113 26563 550
17315 41113 26563 550
47196 41113 8075 550
47196 46524 11334 3628
13088 46524 11334 3628
1674 37697 4605 3628
1674 365 4605 3628
1674 20171 5265 3628
1674 20171 5265 3628
1674 257 20546 3628
1674 543 2077 3628
1674 543 530 3628
1674 543 530 3628
43238 543 530 3628
43238 543 530 3628
26664 543 530 3628
20167 543 18331 3628
22068 543 29306 3628
22068 543 29306 3628
443 543 29306 3628
