1256 1125 539 320
1256 1125 539 320
34859 1125 539 320
34859 1125 539 320
1256 1125 539 320
4792 1125 539 320
18308 1125 539 320
27778 1125 539 320
13231 1125 539 320
13231 1125 539 320
2464 1125 539 320
2468 1125 539 320
23129 1125 539 320
23129 1125 539 320
23129 1125 539 320
23129 1125 2432 320
556 1125 2432 320
556 1125 2432 320
1763 1125 2432 320
1763 1125 2432 320
1763 1125 2432 320
1763 1125 2432 320
1763 1125 2432 320
1763 1125 2432 320
1763 1125 2432 320
1763 1125 2432 320
1763 1125 2432 320
1763 1125 2432 320
1763 1125 2432 320
1763 1125 2432 320
1763 1125 2432 320
1763 1125 2432 320
1763 15359 2432 320
1763 15359 2432 320
1763 15359 2432 320
1763 15359 2432 320
1763 15359 2432 320
1763 15359 2432 320
1763 15359 2432 320
1763 32502 2432 320
1763 9844 2432 320
1763 9844 2432 320
4368 9844 2432 320
5680 40034 2432 320
8966 40034 2432 320
8966 40034 2432 320
10566 17367 2432 320
31452 30253 2432 320
36108 5252 2432 41630
36108 36909 30635 10254
36108 17315 34954 10254
36108 17315 34954 10254
36108 17315 2334 1346
36108 12431 2334 1346
36108 12431 2334 1346
15465 12431 2334 1346
38082 12431 2334 1346
316 12431 2334 1346
31557 12431 33343 1346
31557 12431 33343 1346
13385 12431 33343 1346
337 12431 33343 1346
1400 12431 15942 1346
5440 12431 15942 1346
5440 12431 15942 6634
5440 12431 2726 6634
1848 12431 19663 6634
42184 12431 30253 6634
38158 12431 30253 6634
34888 12431 30253 6634
34888 12431 30253 6634
2401 9832 30253 6634
2401 25869 30253 2242
23963 25869 30253 1215
23963 39238 30253 1215
23963 21286 30253 1215
23963 21286 30253 1215
4799 21286 30253 1215
15789 12650 30253 1215
15789 5419 30253 1215
34020 33586 30253 1215
26324 33586 30253 1215
6179 4129 30253 1215
2688 42669 30253 1215
2442 906 30253 1215
9297 863 30253 1215
9297 863 30253 1215
506 20186 30253 1215
1285 28422 22281 1215
5252 12017 22281 1215
37566 6154 22281 1215
3960 6154 22281 1215
862 46115 22281 1215
1903 46115 22281 1215
21616 3315 22281 1215
30836 2950 22281 1215
6391 2950 22885 1215
6391 91 22885 1215
30306 26829 22885 1215
30306 26829 22885 1215
4709 41120 22885 9832
38674 2179 22885 9832
48192 2179 22885 9832
8075 30631 22885 9832
732 3157 22885 9832
44072 3157 22885 9832
39130 38298 30253 9832
12506 38524 30253 9832
12506 48681 37904 9832
40232 12519 6988 9832
40232 21987 6988 9832
40232 1739 6988 9832
40232 3633 6988 9832
40232 3633 6988 9832
40232 5307 6988 9832
40232 29818 6988 9832
40232 20278 6988 9832
40232 28408 6988 9832
40232 26803 3241 9832
40232 1404 10946 9832
40232 1404 26211 9832
40232 46084 2005 9832
23245 10638 2005 9832
23245 1676 15356 9832
23245 18822 32635 9832
23245 25767 2432 9832
23245 8947 21067 9832
23245 11806 47822 9832
23245 20045 264 9832
23245 20045 268 9832
23245 20045 268 9832
23245 20045 268 9832
23245 7202 268 9832
23245 7202 268 9832
23245 17839 268 9832
23245 46183 268 9832
6890 30253 268 9832
43476 35876 268 9832
43476 11138 268 9832
43476 11138 268 9832
1499 11138 268 9832
6298 11138 268 9832
946 3648 268 9832
6298 3648 268 9832
35791 3648 268 9832
537 18172 268 2038
550 33250 36124 12404
550 25005 47240 12404
9155 16621 47240 12404
4864 13690 47240 12404
37566 13690 47240 12404
37566 13690 47240 4709
4183 946 47240 4709
4183 42274 47240 4709
4183 42274 47240 4709
4183 42274 47240 4709
4183 42274 47240 4709
4183 7247 47240 4709
4183 1294 47240 4709
4183 1294 47240 4709
4183 2492 47240 4709
4183 857 47240 4709
4183 857 47240 4709
4183 42980 47240 4709
4183 42980 47240 4709
4183 42980 47240 4709
4183 42980 47240 4709
4183 42980 47240 4709
4183 911 47240 4709
4183 911 47240 4709
4183 911 47240 4709
4183 911 47240 4709
4183 660 47240 4709
4183 2731 47240 3797
316 2731 47240 1108
316 2731 47240 21563
316 2731 47240 4681
1818 2731 47240 4681
1818 2731 47240 4587
1818 2731 47240 10020
2582 2731 47240 10020
2582 2731 47240 10020
2582 2731 47240 12651
30253 2731 47240 9392
30253 2731 47240 2582
34716 2731 47240 2582
30534 2731 47240 2582
11450 5240 47240 2582
47424 5240 47240 2582
523 10020 47240 2582
5989 10020 47240 2582
5989 10020 47240 2582
5989 10020 47240 2582
5989 10020 47240 2582
5989 10020 47240 2582
5989 10020 47240 2582
5989 10020 47240 2582
5989 10020 47240 2582
12268 10020 47240 2582
26225 10020 47240 2582
26225 10020 47240 1215
26225 10020 47240 1215
20048 41630 47240 1215
17908 13506 47240 1215
12672 7070 47240 1215
12672 10674 47240 1215
3508 35743 47240 264
2077 44009 47240 264
10724 44009 47240 264
1346 23265 47240 550
1346 791 47240 550
1346 791 47240 550
1346 791 47240 550
1346 1010 47240 550
1346 1010 47240 550
1346 1010 47240 550
1346 1010 47240 550
1346 1010 47240 550
1346 1010 47240 550
1346 3621 47240 550
1346 2731 47240 550
1346 2731 47240 550
1346 2731 47240 550
1346 2731 47240 35714
1346 2731 47240 8205
1346 2731 47240 2165
1346 5240 47240 2165
2829 14318 47240 2165
2699 1848 47240 2165
829 18450 47240 2165
829 2077 47240 2165
2731 8205 47240 2165
2731 8205 47240 2165
2731 8205 47240 2165
30253 8205 47240 2165
30253 8205 47240 2165
30253 8205 47240 9832
20809 8205 47240 9832
21464 8205 47240 5368
21464 8205 47240 3235
2582 8205 47240 12431
25005 8205 47240 12431
8640 8205 47240 12431
7811 34391 47240 12431
7811 10020 39852 20129
7811 10020 2442 20129
7811 11124 2442 20129
7811 4931 2442 20129
7811 4931 42933 20129
7811 4959 42933 20129
35738 4681 42933 20129
1493 37311 42933 20129
1493 318 42933 20129
20838 318 42933 20129
4237 38952 42933 20129
35224 38952 2165 20129
5329 38952 2165 2111
5329 1420 6634 2111
30253 1420 34384 9832
43133 1420 8037 9832
140 1420 8037 9832
6634 47240 8037 9832
6634 28944 8037 9832
6634 9626 8037 9832
12226 9626 23898 9832
12226 13112 6470 9832
21143 13112 523 9832
6170 13112 30695 9832
6170 13112 1538 9832
6170 13112 1538 9832
27148 13112 1538 9832
30189 12559 1538 9832
935 12559 1538 9832
36923 12559 1538 9832
2077 7811 1538 9832
2077 7811 12088 9832
23517 7811 12088 9832
23517 7811 9854 9832
16727 7811 5349 9832
16727 7811 28882 9832
16727 7811 908 9832
16727 36454 908 9832
16727 11911 1805 9832
16727 268 1805 9832
16727 268 30253 9832
14022 268 2582 9832
750 268 12177 9832
30253 268 25917 22967
47283 268 25917 22967
36930 681 25917 22967
31605 44747 37904 22967
10489 14229 37904 2165
10489 14229 37904 2165
17961 14229 37904 2165
17961 14229 37904 3638
17961 8714 4223 3638
17961 16608 4223 3638
4681 16608 30253 3638
15294 42764 30253 3638
15294 12138 30253 3638
15294 12138 30253 3638
15294 12138 30253 3638
2442 12138 30253 3638
2442 11460 30253 3638
15700 11460 30253 3638
24923 11460 30253 3638
42327 9162 30253 3638
42327 31486 30253 3638
42327 11846 30253 3638
42327 16810 30253 3638
9511 1272 30253 3638
9511 1272 30253 3638
9511 1272 30253 3638
1410 1272 30253 3638
36842 21683 30253 3638
926 2165 30253 3638
2955 2165 30253 3638
25604 2165 30253 3638
12205 2165 30253 3638
2894 2165 30253 3638
2208 2165 9615 3638
2208 2165 9615 3638
12559 2165 9615 3638
1390 2165 268 13652
1390 1215 268 13652
1390 1215 268 13652
541 3628 268 13652
541 3628 268 9832
537 11138 268 9832
537 11138 268 9832
537 11138 268 9832
537 9171 268 9832
537 9171 268 9832
537 10566 268 9832
28060 10566 268 9832
28060 10566 268 9832
1215 10566 47452 9832
5014 10566 9995 9832
8456 36188 264 9832
11263 36188 264 9832
1848 5194 268 9832
1848 38452 268 9832
1848 10901 268 9832
1848 10901 268 9832
1848 10901 268 9832
1239 16185 268 9832
37983 4931 268 9832
27766 2186 268 9832
1870 1921 268 9832
3687 9184 268 9832
1006 1814 268 9832
1006 21447 268 9832
48566 21447 268 9832
8323 6037 7089 9832
9513 48371 1235 9832
9513 48371 18300 9832
9513 48371 18300 9832
9513 48371 4571 9832
9513 27349 24234 9832
9513 2428 22557 9832
29757 2428 2361 9832
4212 2428 2361 9832
4212 2428 2361 9832
4212 2428 268 9832
24699 1622 268 9832
12973 9945 41239 9832
14886 9945 37458 9832
14886 17558 41901 9832
2239 2582 41901 9832
10624 2582 29821 9832
28146 10982 29821 9832
34558 10982 30253 9832
34558 24934 30253 9832
31823 24934 30253 9832
25701 15335 10362 9832
11008 34213 23245 9832
9626 21819 23245 9832
36715 12560 23245 9832
5560 12560 23245 9832
36849 12560 23245 9832
20320 3046 23245 9832
22885 3046 23245 9832
22885 786 23245 9832
22193 12559 23245 9832
30253 13015 23245 9832
30253 22302 23245 9832
30253 45966 23245 9832
30253 8467 21679 9832
30253 8467 19663 9832
30253 10019 30253 9832
30253 22148 30253 9832
1814 24904 30253 9832
1814 8400 30253 9832
1814 9306 30253 9832
1814 9306 30253 9832
1814 9306 30253 9832
1814 9306 30253 9832
10099 9306 30253 9832
10099 32199 30253 9832
255 21269 30253 9832
12028 4648 30253 9832
9764 1540 30253 9832
46001 22718 30253 9832
2111 12990 30253 9832
2488 1631 30253 9832
2582 4776 30253 9832
2582 34072 30253 9832
2582 3297 21067 9832
2582 861 21067 9832
40345 23245 21067 9832
1301 23245 21067 9832
8195 10982 21067 9832
8195 10982 21067 9832
7967 10627 21067 9832
6129 10627 21067 9832
3060 10627 21067 9832
3060 10627 21067 9832
5252 10627 21067 9832
5252 1987 21067 9832
5252 1987 21067 9832
31789 2070 21067 9832
31789 2070 21067 9832
31789 1556 21067 9832
31789 1772 21067 9832
10627 36328 21067 9832
10627 36328 21067 9832
1299 36328 21067 9832
12630 36328 21067 9832
37308 36328 21067 9832
25590 36328 21067 9832
24632 36328 21067 9832
26903 36328 21067 9832
26903 36328 21067 9832
26903 36328 21067 9832
27767 9645 21067 9832
27767 35957 21067 9832
23209 35957 21067 9832
1247 32967 21067 9832
34358 2671 21067 9832
34358 40256 21067 9832
24417 40256 21067 9832
2111 4220 21067 9832
24334 4220 21067 9832
3769 4220 21067 9832
1848 4220 21067 9832
1848 4220 21067 9832
1848 4220 40220 9832
1848 45704 629 9832
1848 45704 629 9832
1848 13149 629 9832
1848 13149 629 9832
1848 13149 629 9832
1848 13149 629 9832
1848 13149 629 9832
1848 13149 11573 9832
1848 4522 11573 9832
4761 4239 11573 9832
8358 37566 31171 9832
35548 37566 31171 9832
35548 9667 31171 9832
844 16216 20072 9832
844 16216 20072 9832
844 16216 2361 9832
10665 6959 2361 9832
20344 6959 2361 9832
20344 6959 2361 9832
15942 13870 2361 9832
15942 13870 1077 9832
15942 13870 13112 9832
15942 2776 13112 9832
15942 2165 13112 9832
13089 2165 13112 9832
13089 2165 13112 9832
4705 46553 13112 9832
4705 1449 13112 9832
24402 31878 13112 9832
2291 31878 13112 9832
1187 18404 13112 9832
12076 15775 7805 9832
45137 3628 7805 9832
45137 3628 7805 9832
44811 24439 33228 9832
35738 24439 48627 9832
35738 24439 48627 9832
35738 24439 48627 9832
35738 14617 7604 9832
35738 24641 896 9832
35738 24641 39778 9832
35738 24641 21150 9832
35738 24641 14791 9832
34419 24641 14791 9832
15335 24641 856 9832
24140 24641 856 9832
1848 24641 856 9832
1848 16028 39540 9832
1848 16028 39540 9832
1848 6154 11181 9832
8640 6154 20154 2041
8640 47635 2429 2041
8640 704 2429 943
8640 704 2429 943
8640 704 5287 943
8640 32302 268 943
8640 32302 268 943
8640 32302 268 943
8640 32302 268 943
8640 11387 268 943
8640 10946 268 943
8640 33255 268 943
8640 46767 2822 943
8640 24892 807 943
3789 24411 807 943
3789 3265 30253 943
4368 3265 13977 4818
4368 3434 13977 4818
24269 19130 3657 4818
1370 35172 3657 4818
10566 35172 35580 4818
15465 35172 35580 4818
15465 35172 35580 4818
15465 35172 8017 4818
26967 17425 2501 4818
36108 16519 2501 4818
10946 318 2501 30253
10946 22299 1312 30253
9200 22299 17268 30253
9200 22299 538 30253
9200 22299 538 30253
9200 22299 538 30253
12431 22299 538 30253
3235 22299 10159 30253
3235 22299 10159 30253
25917 22299 10159 30253
25917 22299 48584 30253
25917 22299 12431 30253
25917 22299 12431 30253
25917 22299 12431 30253
25917 22299 12431 30253
25917 20801 9054 30253
25917 8539 28863 30253
25917 3005 11444 30253
25917 48379 21563 30253
25917 48379 21563 30253
25917 1414 21563 1215
13690 31692 21563 1215
11387 28302 30253 1215
11387 3353 30253 1215
9806 1318 30253 1215
86 25645 30253 1215
3651 20863 30253 1215
40943 931 30253 1215
40943 10020 30253 1215
5246 10020 30253 1215
9520 48114 30253 1215
9520 48114 30253 1215
763 3450 30253 1215
3596 11405 30253 1215
3596 46851 30253 1215
2050 33834 30253 1215
32840 35054 3628 1215
32840 41630 10164 1215
32840 41630 21067 1215
41154 12431 21067 1215
7817 12431 10768 1215
1843 30253 30253 1215
3684 769 30253 1215
3684 32964 21067 1215
3684 32964 16349 1215
35640 20322 16349 1215
35640 20250 16349 1215
8359 20250 16349 1215
8359 30826 16349 1215
8414 30826 16349 1215
8414 4810 36779 1215
12431 47102 30253 1215
35016 13375 30253 1215
20609 13375 30253 1215
25604 48379 30253 1215
40232 2582 30253 1215
40232 21240 30253 1215
850 24319 30253 1215
850 20629 30253 1215
978 18942 30253 1215
2052 264 30253 1215
42902 264 30253 1215
27295 264 30253 1215
21452 264 30253 1215
5919 7647 30253 1215
30796 7647 30253 1215
9563 7647 30253 1215
8970 29673 30253 1215
43780 7551 30253 1215
43780 1448 30253 1215
43780 1448 30253 1215
14152 1448 30253 1215
1280 24477 30253 1215
22716 49059 30253 1215
38136 1122 30253 1215
38136 1122 30253 1215
38136 1122 30253 1215
38136 1122 30253 1215
12329 20154 30253 1215
38158 47577 30253 1215
7825 16457 30253 1215
682 1247 23265 1215
682 1247 16652 47240
2927 20167 16652 47240
8205 20167 3102 8205
4129 20167 3102 8205
4129 20167 3102 8205
4129 20167 3102 1848
4129 44065 14123 1848
4129 35217 14123 1848
4129 2671 14123 1848
4129 25917 15789 1848
5252 7275 15789 1848
4047 21683 15789 1848
10883 2165 15789 1848
42788 2154 15789 1848
31930 2154 2165 3638
11387 2154 1848 3638
11387 2154 1848 3638
11387 2154 1848 3638
11387 2154 1848 3638
11387 2154 1848 3638
18686 2154 1848 3638
6377 2154 1848 9854
15550 2154 1848 9854
15550 2154 2165 9854
15550 2432 2165 9854
2336 2432 2165 9854
22430 2432 2165 9854
2077 10020 2165 9854
2077 1448 2165 9854
2077 1889 42289 12431
2077 748 42289 12431
4749 748 42289 12431
3789 748 42289 12431
10566 748 42289 12431
1251 9626 42289 12431
1251 44535 42289 12431
11568 34151 42289 12431
11568 34151 42289 12431
11568 34151 42289 12431
2077 34151 42289 12431
2077 28115 42289 12431
9484 6298 42289 12431
9484 6298 42289 12431
31789 6988 42289 12431
29216 6988 42289 12431
31597 6988 2582 12431
35157 7811 2582 12431
41267 7811 2582 12431
523 7811 2582 12431
20215 7811 2582 12431
38479 7811 22885 12431
21335 7811 25917 12431
21335 7811 25917 4368
13 7811 25917 4368
13 36930 25917 4368
25722 25107 25917 4368
25722 25107 25917 4368
1491 7350 25917 4368
1491 12651 25917 4368
12142 24206 25917 4368
12142 6733 25917 4368
12142 18686 25917 4368
34442 6803 25917 4368
11664 599 25917 4368
11664 599 25917 4368
11664 2220 25917 4368
11664 8085 25917 4368
34384 8085 9513 25061
34384 25917 9513 25061
34384 25644 9513 25061
34384 25644 9513 25061
34384 6298 9513 25061
34384 11735 9513 25061
34384 11735 9513 25061
34384 11735 9513 12613
19862 11735 9513 30253
25661 12650 9513 30253
27697 12650 9513 30253
8273 28873 9513 30253
3244 36293 4176 30253
10005 36293 4176 30253
10005 36293 12560 30253
4837 48379 12560 30253
8037 48379 16619 30253
8037 48379 16619 30253
8037 48379 16619 3235
8037 46061 16619 3235
1370 37234 9626 3235
6536 17924 9626 3235
19041 14476 9626 3235
28518 14476 9626 3235
28518 16099 9626 3235
28518 1556 9626 3235
9792 6457 9626 3235
9792 30129 9626 3235
13662 7175 9626 3235
13662 7175 9626 3235
13662 7175 9626 3235
44241 7175 9626 3235
7811 30499 9626 3235
18609 44009 9626 3235
12028 44009 9626 3235
3578 11664 9626 3235
3578 11664 9626 3235
3578 11664 33948 3235
3578 11664 33948 3235
30253 11664 33948 3235
16384 11664 47240 3235
16384 17240 47240 3235
14174 47091 47240 3235
715 9119 47240 3235
715 14981 47240 3235
3097 14981 47240 3235
3097 2077 47240 3235
16652 9714 47240 3235
8414 30612 47240 3235
4545 9363 47240 320
11405 15513 47240 320
25853 30253 47240 320
25853 2582 47240 320
25853 2582 47240 320
25853 2582 47240 320
946 2582 47240 320
9297 2582 19925 320
9297 2582 19925 320
32302 2582 852 320
2436 2582 852 320
2436 12613 852 320
2334 12613 852 320
2334 12613 852 320
2334 12613 852 320
40232 12613 852 320
40232 13089 852 320
40232 13089 18047 320
40232 9813 18047 320
40232 9813 18047 320
40232 9813 18047 320
40232 9813 18047 320
40232 9813 18047 320
40232 9813 18047 320
40232 9813 18047 320
40232 9813 18047 320
40232 9813 18047 320
15176 14909 18047 320
37243 20566 2432 320
37243 20566 2432 320
37243 20566 2432 320
37243 15176 2432 320
37243 15176 2432 320
37243 15176 2432 320
37243 23589 2432 320
37243 23589 2432 320
37243 23589 2432 320
1125 2559 2432 320
33754 12613 2432 320
1739 12613 2432 320
1739 1848 2432 320
1739 1848 2432 320
1739 1848 2432 320
16806 1848 2432 320
40232 34278 2432 320
40232 16694 2432 320
40232 16694 7811 320
2958 16694 7811 320
7395 16694 7811 320
7395 16694 7811 320
7395 16694 7811 320
7395 16694 7811 320
7395 16694 7811 320
7395 16694 7811 320
7395 16694 7811 320
7395 16694 7811 320
7395 16694 7811 320
7395 16694 7811 320
7395 16694 7811 320
7395 16694 7811 320
7395 16694 7811 320
7395 16694 7811 320
7395 16694 7811 320
7395 16694 7811 320
7395 16694 7811 320
7395 16694 7811 320
7395 16694 7811 320
7395 16694 7811 320
7395 40232 7811 10566
7395 40232 7811 10566
17883 40232 7811 10566
17883 4523 7811 10566
17883 13878 7811 10566
17883 13878 7811 10566
17883 13878 34534 10566
17883 6852 4545 10566
17883 6852 4545 10566
17883 6986 8243 10566
17883 6986 48300 10566
32618 6986 48300 10566
32618 6986 15929 10566
32618 6986 29306 10566
10883 6986 42669 10566
