9880 1125 539 320
12961 1125 539 320
9876 1125 24965 9626
10957 7724 3612 9626
2195 7724 41670 6197
28888 7724 8436 40345
28888 7724 24526 781
28888 7724 24526 781
28888 7724 24526 781
28888 7724 24526 781
28888 7724 24526 781
28888 7724 8494 781
28888 7724 7053 29420
28888 7724 7053 1753
28888 7724 47240 1753
5564 7724 43055 1753
44137 7724 43055 1753
44137 7724 33430 32633
44137 7724 320 7488
38524 703 6738 7488
518 703 6220 7488
518 703 4670 7488
518 960 4670 7488
41265 960 4670 7488
32302 37833 8741 7488
32302 37833 8741 7488
32302 21204 19860 15335
32302 21204 11453 1215
32302 6639 5353 1215
41841 3002 9487 1215
41841 49069 9487 1215
541 49069 13991 1215
1631 49069 13991 1215
1631 49069 13991 1215
1631 49069 2801 1215
264 23660 26876 1215
264 26375 8703 1215
11599 11074 8703 1215
5252 29917 8703 1215
13085 29917 8703 1215
11076 23340 10475 1215
31797 5067 1408 1215
4769 30317 27949 1215
3031 3212 7488 1215
23245 15050 7488 1848
4617 40234 7488 1848
4617 23869 7488 1848
1850 5252 7488 30253
8714 5252 7488 30253
8714 30342 7488 1848
27933 44517 7488 1848
14123 6522 26657 1848
573 6522 12170 1848
518 5287 12170 1848
16696 44820 12170 550
34676 44820 12170 550
34676 48063 12170 550
34676 48063 1612 11038
34676 48063 3473 11038
34676 46831 38843 11038
11408 46831 38843 11038
7488 7 46780 11038
7488 14434 46780 11038
3628 11106 46780 11038
3628 845 257 10566
725 31831 257 10566
12559 31831 1095 10566
5623 31831 1095 31893
5623 688 8296 31893
5623 6568 8296 31893
5623 20204 8296 31893
22801 45381 35301 31893
22801 45381 35301 31893
4464 10142 12142 3628
15942 7803 12142 3628
15942 7803 12142 781
15942 21930 12142 781
15942 21930 12142 781
15942 11790 12142 320
15942 24103 12142 320
15942 7803 12142 320
15942 17926 12142 320
3013 1695 12142 320
7627 1695 12142 320
15667 1695 12142 320
26461 49040 12142 320
16652 11939 12142 320
4379 11939 12142 320
12241 11939 12142 320
5160 11939 12142 320
14801 11939 12142 320
9806 19090 12142 320
1848 37339 12142 320
10566 21641 12142 320
8483 43594 12142 320
7638 43594 12142 320
8205 43594 12142 320
8205 32007 12142 320
15195 4368 12142 320
15195 4368 12142 320
34408 36876 12142 320
34408 36876 12142 320
4851 36876 12142 320
37379 36876 12142 320
8888 6748 15929 320
2077 6748 15929 320
2336 18840 15929 320
9161 15876 15929 320
15856 15876 15929 320
1446 13103 44538 320
1446 9513 15550 320
4785 9513 15550 320
1247 20433 15550 320
1247 20369 15550 320
2198 2001 15550 320
12023 2679 15550 320
45498 2589 15550 320
45498 12083 12506 320
36213 12083 12506 320
13354 48678 12506 320
42525 41904 12506 320
15942 37303 12506 320
15942 10876 12506 320
18538 28375 12506 320
36551 28375 12506 320
36551 28375 12506 320
2316 4743 12506 320
23740 4743 12506 320
1182 16829 12506 1380
19346 20605 12506 1380
35937 2833 12506 1380
3957 1725 12506 1380
3957 1725 12506 320
3957 6753 12506 320
26778 6753 12506 320
25049 6753 12506 320
29966 1674 12506 320
46607 1674 12506 320
25027 1674 12506 320
25027 36108 12506 320
37947 36108 12506 320
37947 9760 12506 320
4710 7176 12506 320
16695 3487 12506 320
15176 1286 12506 320
48914 10901 12506 320
48914 10901 12506 320
43304 10901 12506 320
43304 1848 12506 320
43304 1848 12506 320
43304 1848 12506 320
43304 12886 12506 320
16897 19009 12506 320
16897 19009 12506 320
16897 5960 12506 320
16897 25527 12506 320
26412 15825 12506 320
6425 6711 12506 320
23240 6711 12506 320
23240 6711 12506 320
22475 6711 12506 320
24235 6711 12506 320
4752 6311 12506 320
11079 8186 12506 320
24849 8186 12506 320
9806 3017 12506 320
9806 3017 12506 320
9806 3017 12506 320
9806 3629 12506 320
18162 3629 12506 320
8760 5902 12506 320
9279 5902 12506 320
36965 5902 12506 320
16948 23535 12506 320
31765 17754 12506 320
21645 5372 12506 320
7865 5372 12506 320
22483 5372 12506 320
10608 5372 12506 320
10608 5372 12506 320
10608 5372 12506 320
30660 5372 12506 320
24003 5372 12506 320
24003 5372 12506 320
24003 5372 12506 320
3461 5372 12506 320
47108 5372 12506 320
2040 5372 12506 320
1685 22635 12506 320
37658 17299 12506 320
24857 17299 12506 320
1846 15854 12506 320
13442 15854 12506 320
16376 35517 12506 320
16376 17380 12506 320
16376 34894 12506 320
16376 3716 12506 320
45887 5836 12506 320
6833 157 12506 320
18213 41333 12506 320
20349 24711 12506 320
1848 24711 12506 320
1848 30196 12506 320
3221 30196 12506 320
1201 30196 12506 320
1201 44505 12506 320
17576 44505 12506 320
42836 44505 12506 320
30773 15825 12506 320
2689 15825 12506 320
2689 15825 12506 320
2689 23337 12506 320
2689 24411 12506 320
17380 1376 12506 320
7115 1376 12506 320
7115 1376 12506 320
11800 21613 12506 320
25443 14396 12506 320
25443 14396 3034 320
8220 14396 37123 320
10008 49253 4719 320
11352 49253 1446 320
835 49253 1446 320
21228 4620 1446 320
21228 37997 1446 320
21228 12520 14040 320
21228 3202 8493 320
21228 2888 35280 320
21228 9865 35280 320
21228 9865 29855 320
21758 29886 8123 320
21758 29886 8123 320
2369 29886 8123 11948
1909 22635 2381 11948
22885 2645 5849 11948
9622 37616 5849 11948
1364 31676 28798 11948
22643 13558 13197 11948
26150 3063 6634 11948
26150 6336 2823 11948
1548 39007 39360 11948
1548 39007 39360 11948
1548 39007 762 11948
845 39007 9313 11948
7327 12333 9313 11948
46165 15568 9313 11948
46165 15568 24498 11948
3264 12467 24498 11948
45616 23065 24498 11948
9478 39623 19035 11948
7580 39623 2887 11948
10241 39623 2887 11948
5038 836 2887 11948
7783 1387 72 11948
7783 15967 72 11948
8438 15967 2887 11948
17205 653 4681 11948
22022 31084 1332 11948
11387 31452 1332 11948
37566 31452 10373 40232
37566 47649 2041 484
43594 47649 20167 484
41670 7691 20167 17380
11696 10627 749 17380
14007 10627 9762 17380
14007 23611 9762 7690
5106 21090 264 7690
5106 15042 264 15513
5106 12920 27167 15513
5106 12920 2432 15513
5106 12920 2432 15513
5106 12920 2432 15513
5106 11840 2432 15513
20346 9202 11840 15513
20346 17791 11840 16621
1768 1630 281 16621
14903 32893 281 16621
14903 6512 15811 4129
10400 8954 15811 4129
2334 8954 15811 550
2334 8954 8720 550
2334 8954 8720 550
2500 16014 20566 550
32957 27066 20566 550
32957 9735 33767 550
32957 9735 2918 550
23572 32957 3093 550
23180 32957 3093 550
1446 2008 43457 550
2822 2008 43457 550
11735 2008 32025 35563
1791 2008 32025 35563
6727 36108 16621 35563
6727 2559 8467 35563
6727 2559 8467 7488
45165 2559 8467 7488
11347 2559 8467 7488
11347 2559 8467 7488
19311 2559 8467 7488
19311 2559 8467 7488
19311 2559 2442 20129
19311 2559 2442 20129
14434 28512 13501 20129
14434 30586 3906 20129
24748 8750 3906 20129
4491 8750 14420 20129
537 27337 13333 836
537 8874 11573 836
537 32994 11573 320
537 7410 11573 320
42136 13771 11573 320
1801 24323 11573 320
1594 24189 11573 320
1594 256 11573 320
20635 256 11573 320
41762 18546 11573 320
4049 22053 40758 320
33759 22808 40758 320
1909 22808 40758 320
1909 11841 8116 320
32223 38164 8116 320
32223 37606 8116 320
23129 6597 8116 320
23129 6597 8116 320
23129 31790 8116 320
23129 24025 8116 320
6087 32964 13951 320
3517 32964 26555 320
3517 32964 17840 320
7740 32964 17840 320
1506 32964 17840 320
7580 32964 17840 320
7580 32964 17840 320
4135 44026 17840 320
22430 44026 17840 320
22430 44026 42259 320
22430 43382 41628 320
22430 14427 41628 320
41518 1394 41628 320
41518 1394 41628 320
41518 16027 41628 320
41518 1096 41628 15217
41518 1096 41628 15217
41518 162 41628 15217
41518 27037 6391 3628
41518 11513 1370 281
29640 48295 1370 1071
29640 42854 44989 1071
22022 42854 32964 1071
8340 42854 32964 1071
8340 42854 32964 1071
16005 42854 32964 1071
31 31628 32964 1071
31 31628 32964 14617
31 31628 32964 14617
31 9284 15550 9626
3631 22430 15550 6634
14812 2591 17083 6634
14812 548 17083 3241
45785 548 26297 3241
45785 5430 321 3241
45785 5430 321 3241
4847 12321 321 3241
3265 1582 27370 3241
3265 16206 12907 1848
666 16206 775 1848
43238 16206 18339 1848
43238 16206 9723 1848
21924 35712 24855 1848
1494 35712 37785 1848
1494 35712 37785 1848
4759 35712 9477 1848
1216 35712 40444 1848
1216 35712 18668 1848
41230 35712 550 1848
14459 19541 550 1848
25616 18565 550 1805
25616 21116 550 1805
4992 24584 550 1805
3068 8288 550 1805
3068 13348 550 1805
18351 10323 550 1805
23245 9064 550 1805
23245 8703 550 1805
6160 8703 550 1805
743 4223 550 1805
13 93 550 1805
13 855 550 1805
13 855 550 1805
45673 9474 550 1805
10975 9474 7488 14709
19315 9474 7488 1215
1899 40758 7488 1215
1899 40758 5965 1215
1899 40758 5965 1215
1899 40758 9135 1215
1899 40758 2563 1215
2710 40758 2046 1215
514 40758 2046 1215
4792 40758 2046 1848
813 40758 2046 2726
813 40758 2046 1805
6413 750 2046 1805
6413 18426 2046 1805
6413 18426 2046 1805
6413 18494 2046 1805
13217 22434 2046 1805
48190 28765 2046 1805
36873 28765 2046 1805
36873 28765 2046 1805
48494 29832 2046 1805
8750 39087 9513 1805
518 29640 9513 320
518 29640 9513 27923
518 29640 9513 1848
518 15274 33094 1848
2179 7129 1096 1848
2179 7129 1096 2726
2179 7129 1096 1370
1848 5014 1096 2726
16377 34466 1096 2726
8505 5276 1096 2726
1815 2817 1096 2726
1815 37392 1096 2726
1815 16276 1096 2726
1308 4319 1096 2726
1308 9447 1096 2726
1308 9447 1096 2726
47906 4387 1096 2726
4925 26698 1096 2726
944 1047 1096 2726
13406 28225 1096 2726
13406 28225 1096 2726
9354 28225 1096 2726
7782 23869 1096 2726
1092 23869 1096 2726
1092 23869 1096 2726
3962 6379 1096 2726
3962 6379 1096 1370
3962 10688 1096 20357
11766 10688 1096 2165
9186 10430 1096 2726
9186 1831 1096 2726
9186 1483 1096 2726
1733 675 1096 2726
5989 675 1096 2726
15175 10547 1096 2726
7906 39087 1096 2726
830 39087 1096 2726
830 39087 1096 2726
830 4792 1096 2726
1139 4792 1096 2726
637 21813 1096 2726
45075 10574 1096 2726
45075 10574 1096 8547
45075 4014 9714 8547
38900 4014 9714 3638
993 1308 36058 3638
699 1308 5537 3638
699 1308 350 3638
517 8330 350 3638
1845 627 1285 3638
10574 754 1285 3638
262 20667 36116 3638
262 72 2811 3638
262 10010 2811 3638
6221 7902 2811 3638
6012 7902 2811 3638
6012 14434 2097 1648
32302 257 8537 12404
32302 613 4864 12404
11408 35224 4864 12404
44629 1548 4864 12404
44629 1548 4864 12404
12047 1548 16860 12404
5571 1548 10724 12404
5126 29894 1071 12404
28606 15061 1071 12404
4191 12250 22089 12404
4191 12250 5252 12404
4191 7351 5252 12404
32023 8483 4796 12404
32023 8483 4796 12404
7823 7013 15109 12404
24732 9429 5252 12404
24732 3242 5252 12404
24732 29632 1 12404
537 264 38351 12404
537 264 38351 12404
42024 264 38351 12404
13604 43201 4223 12404
284 10528 4223 12404
284 5287 4571 12404
6229 26361 9049 12404
14320 1990 6639 4759
2942 2018 5587 22885
18526 18233 5587 22885
1370 1915 5587 695
24334 1915 5587 9515
24334 1915 5587 9515
3046 33059 5587 2910
3046 33059 1157 2829
3046 33059 1157 2829
25411 15176 38769 2829
12131 15176 7393 2829
12131 15176 7393 18999
13217 15176 554 18999
13217 15176 554 18999
11107 15176 554 18999
25236 15176 263 27058
25236 15176 34570 3638
25236 15176 4272 3638
236 15176 19240 3638
236 15176 17315 3638
236 15176 40117 3102
46470 15176 518 3102
46470 15176 518 4300
46470 15176 42222 4300
46470 15176 42222 863
46470 15176 42222 863
46470 15176 42222 863
548 15176 42222 25871
5800 15176 42222 25871
5800 15176 5718 3457
8211 15176 1758 43204
8211 15176 346 15465
8211 15176 346 15465
8211 15176 1 15465
8211 32964 21575 15465
8211 32964 21575 9854
42562 32964 21575 9854
9600 32964 14213 25486
9600 32964 13109 25486
27620 32964 13109 1848
5901 32964 13109 1848
848 32964 14 1848
265 32964 12142 5604
5315 32964 12142 5604
14842 32964 7095 4176
2127 48896 7095 4176
33347 48896 36465 4176
30507 48896 11074 316
47413 48896 4300 316
47413 48896 42468 39575
18904 48896 8 15811
18904 48896 10938 15811
1415 48896 25732 15811
1415 23667 14205 15811
19155 23667 12882 15811
19155 12977 11021 15811
2151 10280 7122 15811
8562 21116 2598 15811
8562 12301 2598 9832
8562 602 11929 9832
11347 1261 11929 9832
7546 1261 11929 12431
2151 10358 11929 12431
2151 26397 11929 12431
2151 26397 5705 320
3118 1096 1848 320
35967 9723 1848 10724
2386 4265 1848 10724
3646 24411 2111 10724
3646 13951 5252 10724
2867 13951 5252 10724
2867 3204 13338 1215
684 4265 13338 1215
684 971 13338 1215
684 1407 13338 1215
905 47007 13338 1215
6555 47007 1356 1215
5038 2812 12863 18688
5038 6258 22885 18688
523 10691 22885 18688
44731 10691 22885 12184
5848 26225 22885 2829
3845 26225 35593 2829
18840 8189 7592 2829
19359 327 7592 2829
1552 318 24894 2829
609 318 24894 550
609 318 24894 550
22605 14518 24894 550
8209 14518 24894 1380
8209 14518 24894 320
25298 26689 7488 320
32805 11952 39010 320
32805 4791 39010 320
32805 4791 39010 320
32805 43881 22430 320
8299 14229 22430 320
40242 14229 2582 320
7647 32104 2582 320
6588 32104 34077 320
5011 32104 856 320
35233 32104 856 320
22853 32104 19629 320
22853 32104 19629 320
1370 10373 19629 320
1370 10373 19629 320
1370 829 19629 320
1370 829 19629 320
1370 6890 19629 320
1370 9487 19629 320
20495 42510 30595 550
10450 42510 30595 550
16315 18356 4527 550
16315 18356 4527 550
5827 5160 4527 550
7315 1286 4527 550
2689 1381 34383 550
2689 1381 34383 550
2689 1381 34383 550
2689 1381 34383 550
2689 1381 34383 550
2689 1381 34383 550
35693 3025 38376 550
35693 20043 38376 550
24934 20043 38376 550
24934 20043 38376 550
258 20043 38376 550
17273 20043 38376 550
41696 20043 38376 550
21098 20043 38376 550
21098 20043 38376 550
5953 20043 38376 320
5953 20043 38376 320
2283 20043 38376 320
2283 15132 38376 320
33478 19283 38376 320
33478 19283 38376 28961
26357 8089 38376 911
35369 8089 38376 911
1692 8089 38376 9249
23583 8089 38376 8536
8491 8089 38376 8536
