5129 28192 539 320
25049 1125 46054 320
25049 1125 46054 320
25049 1125 11030 320
25049 38435 11030 320
30889 2479 1182 320
30068 38877 1182 320
26367 12142 1182 320
26367 6723 1182 320
4179 33941 1182 320
31965 18675 1182 320
48158 18675 1182 320
39251 16005 1182 320
1042 16005 46525 320
1042 888 46525 320
28969 37744 46525 320
28969 37744 26983 320
9751 37744 22430 320
9820 8020 22430 320
9820 17478 10566 320
9820 959 10566 320
9820 6936 10566 320
4002 2432 10566 320
4002 2432 10566 320
29878 2432 10566 320
4405 256 10566 320
26986 256 10566 320
2111 8345 10566 320
2111 8345 10566 320
2111 41518 10566 320
11073 7747 10566 320
45216 41632 10566 320
28575 2671 10566 320
28575 2671 10566 320
40440 46436 1247 320
35675 13785 35628 320
11883 41843 8404 320
14886 3566 8404 320
14886 31555 2488 320
8955 2168 2488 320
5613 19479 2488 14786
5613 12559 4473 14786
5613 12559 4473 14786
320 46767 10072 14786
320 3737 10072 14786
320 3737 744 12885
320 3737 4508 12885
320 32927 3362 23613
320 915 3362 23613
320 21995 3362 23613
320 8037 6303 35020
320 8037 38510 1370
25587 8037 38510 1370
1848 8037 37904 1370
6712 8037 37904 1370
6712 8037 37904 1370
40135 8037 37904 1370
133 32642 37904 1370
12457 24009 37904 1370
12457 42018 2361 1370
16090 25595 2361 1370
21891 36721 2361 1370
2727 36721 2361 1370
12986 30411 2361 1370
8604 6033 34151 12613
72 16151 852 6634
72 20569 852 6634
33409 1987 8345 6634
2710 3647 17827 6634
23690 3647 28765 6634
7242 5054 2401 6634
4252 31343 2401 6634
2006 31343 4645 6634
2006 47463 10443 6634
24208 18470 26978 6634
9802 18470 26978 6634
9802 18470 26978 6634
9802 682 26978 6634
11560 15464 6160 6634
45306 1008 6160 6634
8734 21715 6160 6634
13186 14601 6160 6634
13186 14601 6160 6634
5120 13934 6160 6634
7488 35984 6160 6634
12040 11061 6160 6634
2334 11061 6160 6634
21269 11061 6160 3241
38136 48922 6160 3241
23858 38351 6160 3241
1215 608 34070 3241
3253 16193 1010 3241
813 1414 1010 2077
7498 4578 1010 6634
1880 646 1010 6634
24368 1696 1010 6634
1054 26936 1010 6634
1054 4340 1010 6634
1312 5474 1010 36108
9254 6994 28927 36108
21460 6994 25137 36108
48215 2196 25137 36108
3947 2196 9626 36108
3947 8864 9626 862
3947 8864 9626 2165
39707 6985 9626 2165
10792 2655 9626 2165
16340 2655 9626 2165
1723 1050 9626 2165
150 1050 9626 2165
150 48064 9626 2165
150 48064 9626 2165
150 48554 9626 2165
1443 48554 9626 9832
8059 48554 9626 9832
13487 18242 9626 9832
14961 28292 14640 9832
14961 7910 14640 9832
4135 8488 38351 9832
4135 8488 38351 9832
9513 4385 20790 9832
9513 4385 24510 9832
9513 4385 19045 9832
8640 33504 1224 9832
18234 34716 1224 9832
18234 34716 1224 9832
11162 11183 2095 9832
11162 11183 31699 9832
11162 38466 728 9832
25610 3161 40112 9832
24498 3161 1155 9832
21838 3161 2746 9832
21838 3161 7599 9832
21838 3161 8449 9832
17537 3161 5355 9832
2365 3161 8340 9832
4136 3161 12975 9832
4136 3161 35724 9832
2875 3161 44797 9832
9196 3161 7805 9832
25044 3161 1753 9832
20544 3161 28237 2699
17840 3161 11616 2699
17840 18751 11616 2699
17840 22796 11616 2699
17840 22517 5613 2699
17840 8453 5613 2699
17840 1261 33707 2699
7334 34315 33707 2699
7334 13392 33707 13023
7334 7242 33707 13617
18351 25061 2208 1312
29657 25061 18768 5621
28770 42120 3712 5621
22871 42120 26978 34894
12772 39902 26978 2779
12317 23257 26978 1805
22474 24056 4223 1805
22474 24056 4223 11444
22474 3376 4223 11444
22474 3376 4223 11444
6061 5858 4223 11444
46802 2425 4223 8512
3789 4201 4223 33337
3789 16895 4223 33337
5648 33011 4223 2077
4923 33011 24782 2077
25824 21612 24782 2077
3267 21612 24782 2077
7046 23327 24782 2077
21807 23430 24782 2077
21807 23430 24782 2077
21807 23430 24782 2077
8037 33188 24782 2077
4504 33188 24782 2077
44531 3610 24782 2077
44531 40251 24782 2077
10982 31553 24782 2077
7796 31553 24782 2077
7796 8939 24782 2077
41841 8939 24782 2077
8211 13161 13103 2077
13536 23203 13103 2077
1753 46001 13103 2077
1753 46001 13103 2077
12630 46001 19041 2077
17278 5067 19041 2077
12731 5067 19041 2077
1674 512 19041 2077
38843 512 19041 2077
3562 512 19041 257
30734 512 19041 257
13021 512 19041 37031
46208 512 19041 11999
15929 512 19041 836
845 6666 19041 836
46646 13943 19041 836
46646 5276 38282 836
1880 46584 38282 836
21538 14885 38282 836
21538 14885 38282 836
21538 14885 38282 2853
21060 13699 38282 2853
21060 30282 11271 2853
47116 564 11271 2853
47116 564 40376 2853
555 4925 1153 2853
555 22448 1153 5698
555 9174 16413 5698
555 6445 16413 5698
25 1156 16413 16870
33697 1688 46270 16870
33697 1688 9854 20777
5162 1688 9854 40565
7738 1688 9854 3628
15042 1688 41403 3628
15042 1282 25298 3628
34589 1153 34904 3628
32625 20164 15759 3628
17706 20164 15759 3628
2950 20164 15759 3628
37735 7866 24877 3628
2017 35752 28352 15513
2017 35752 28352 15513
24488 34259 28352 24488
24488 34259 28352 24488
3017 33197 14276 24488
17545 39016 923 24488
17545 9714 537 24488
31001 32472 43750 24488
30303 3598 1247 24488
38803 3598 11495 24488
38803 3598 9221 24488
38803 3598 9221 24488
38803 3598 9221 24488
5895 3598 6734 24488
13217 18031 5451 24488
13217 18031 1097 9285
170 40026 12251 9285
170 40026 67 9285
42372 48947 25403 9285
31718 9935 33798 9285
15455 9935 28511 9285
2482 8101 14479 9285
344 2559 14479 9285
344 37653 264 2442
17197 18646 23613 2442
45394 18646 23613 2442
4543 18646 6422 1010
1380 34570 6422 581
1380 34570 6422 581
1380 34570 34532 581
1125 34570 4487 581
11444 5602 4487 22885
11444 11992 876 2087
2442 11992 876 25481
2442 11992 876 25481
2442 11992 876 25481
26262 32690 876 25481
26262 1215 876 25481
26262 27092 876 4425
26262 35959 876 1241
26262 7554 876 2038
26262 17272 876 2038
26262 17272 31472 2038
26262 17272 31472 2038
26262 17272 33782 8012
26262 4072 7488 8012
26262 19416 30253 8012
21790 19416 30253 8012
717 6046 30253 1818
2582 32539 30253 30253
1215 5347 2246 30253
7165 26270 2246 30253
7165 26270 7707 30253
7165 13989 4153 30253
46238 10428 6197 30253
657 41994 14770 30253
657 41994 14770 3661
657 12640 14770 1215
20310 12640 47523 1215
8198 38788 47523 1215
1498 35074 47523 1215
1498 14459 47523 1215
48087 14459 47523 1215
262 3168 1946 1215
262 3168 1946 1215
262 5878 1946 1215
45650 9948 14720 1805
45650 22028 14720 1805
45650 30207 2386 1805
45650 14291 2386 1805
13229 40861 2386 1805
16023 9194 14040 2699
29104 26454 14040 2699
766 10270 14040 2699
766 10270 14040 2699
1756 16132 14040 2699
1756 13770 14040 2699
9074 21708 14040 2699
9074 21708 2710 2699
6727 21708 14758 2699
23687 29706 28798 28005
23687 1815 35662 9832
23687 1815 29125 9832
5 18741 45788 9832
5 18741 5265 9832
5 10566 5265 1753
5 10566 9363 1753
5 2414 9363 1753
5 2531 35348 1753
5 2531 14972 1753
1408 2531 2076 18456
43237 8066 27794 18456
14636 30253 36298 7139
61 30253 41468 35020
61 16827 41468 35020
2766 10323 41468 35020
2766 41765 44460 35020
40850 11073 3194 35020
1049 11073 3194 316
13013 28322 7290 15811
24683 28322 7290 15811
24683 28322 7290 15811
1630 783 7290 15811
1630 783 7290 320
7394 3031 7527 320
7394 3031 2629 320
2208 3031 4149 320
2208 47438 4149 320
15789 12483 2403 320
15789 20544 2403 320
15789 20544 19041 320
10031 20544 19041 320
13911 34558 19041 320
13911 3628 8197 320
13911 3628 34067 320
15042 3628 34067 320
26262 3628 34067 320
26262 3628 6379 320
26262 3628 6379 320
15348 43296 39290 320
15348 2850 39290 320
48087 18047 39290 320
9219 7095 39290 320
9219 7095 18840 320
16943 7095 18840 320
16943 7095 18840 320
16943 17607 1996 320
16943 17607 1996 320
16943 17607 1996 320
29442 17607 13800 320
38191 1267 24077 320
38191 3182 20504 695
19364 32965 20504 695
9454 24057 34716 2439
19335 36058 34716 2439
19335 36058 34716 678
1551 36058 3610 678
41388 2192 21327 678
10965 2192 21327 678
10965 42617 21327 48702
23982 983 24488 7250
23387 983 24488 2744
3104 8338 8534 2744
3104 44708 2401 10566
3104 44708 2401 10566
3104 2407 2401 10566
560 2407 2401 10566
955 9053 2401 10566
955 9053 2401 7120
20813 9652 35908 7120
682 27846 35908 7120
682 27846 35908 7120
682 10566 35908 15630
1235 10566 41423 15630
1235 10566 41423 37761
33588 24660 7571 37761
26722 3627 2774 37761
24683 14528 2774 37761
24683 14528 2774 37761
4687 14528 2774 37761
4687 14528 2774 37761
4687 14528 12908 37761
4687 47515 30717 597
4687 47515 32964 597
4687 47515 32964 597
4687 47515 32964 528
4687 47515 20838 528
4687 5252 4461 528
34213 47354 4461 528
34213 47354 4461 528
1010 47354 32639 528
12457 47354 23900 528
997 1070 23900 12404
997 30251 23900 12404
997 6634 23900 12404
997 9832 23900 12404
19175 9832 23900 28428
19175 13652 35614 18526
27356 9832 17082 281
24080 35338 17082 34570
6884 13929 17082 34570
34416 46322 17082 34570
34416 17431 42402 34570
22310 17431 20428 34570
3517 17431 17101 34570
6046 47976 27940 34570
6046 33009 23751 34570
5613 21749 2653 281
1622 13145 2653 281
1622 2435 2653 281
1622 2435 2653 281
1622 2435 2653 281
24930 6349 2653 281
11892 12512 2653 281
11892 36633 2653 281
3084 32842 2653 281
3084 32842 2653 281
66 32842 2653 281
1251 31537 2653 281
639 22373 2653 281
46084 22373 2653 281
2828 22373 2653 281
13882 22373 2653 281
13882 22373 40493 281
1191 18666 40493 281
10096 3580 40493 281
49253 32848 40493 281
34722 16976 40493 281
34722 47649 40493 281
45074 47649 40493 281
1518 47649 40493 281
5686 47649 40493 22734
46560 13224 40493 678
17668 40233 40493 19450
15601 29535 40493 2026
32322 1195 40493 38644
35136 1195 40493 12404
8455 8345 40493 12404
1642 8345 21622 12404
20365 8345 24492 12404
30112 8345 24492 26978
31745 76 24492 26978
5509 8547 24492 26978
5509 20947 24492 10630
5509 20947 33459 35020
15660 20947 26625 35020
30004 20947 27228 35020
29439 7285 14324 35020
29439 7285 14324 35020
6890 534 264 35020
21575 13132 264 35020
21575 23610 264 18526
25377 11749 264 18526
25377 73 264 18526
25377 73 264 18526
25377 73 264 18526
25377 2205 264 18526
25377 2205 264 33855
25377 1674 14040 33855
25377 1674 14040 33855
25377 1674 1878 39527
11396 1674 1878 1370
11396 1674 1224 1370
39716 3728 20504 1370
7920 3728 264 1370
42009 24476 264 1370
12640 1093 264 1370
12640 1093 264 1370
25130 21421 39505 1370
11460 27900 3638 1370
11460 81 3638 1370
11460 81 3235 1370
950 36594 3235 1370
950 25978 2525 1370
616 42684 14720 1370
574 44843 31215 1370
574 5293 3161 1370
574 5293 3161 1370
22987 34985 3161 1370
2279 1863 3161 1370
2279 1863 3161 1370
1192 24460 3161 1370
1753 4187 3161 1370
1753 4187 3161 1370
1753 4187 3161 1370
5590 4187 3161 1370
829 5919 3161 7488
1662 25190 3161 7488
1753 9171 3161 7488
44071 1662 3161 7488
24633 5948 3161 7488
24633 41067 3161 7488
24633 872 3161 7488
24633 14349 3161 7488
12464 29418 3161 7488
12615 29418 3161 7488
12615 29418 3161 7488
12615 29418 3161 7488
33056 29418 3161 7488
11950 10996 3161 7488
35628 10996 3161 7488
29425 10996 3161 7488
7464 830 3161 7488
1033 47568 30417 7488
28857 48494 1380 7488
1693 48494 1380 7488
33518 48494 1380 7488
43400 48494 1380 6298
48664 48494 1380 6298
28501 48494 45804 6298
547 11727 16983 38436
13882 11727 16983 2935
41681 11727 34798 2935
8914 23594 3769 2935
1951 31343 3769 2935
1395 45392 1546 2935
19754 29151 1546 15319
19754 29151 1546 15319
19754 29151 1546 15319
19754 29151 1546 15319
19754 29151 1546 15319
19754 29151 1546 15319
19754 29151 1546 15319
19754 29151 1546 15319
19754 29151 1546 15319
19754 29151 1546 15319
19754 29151 1546 15319
19754 17278 1546 39486
22690 15161 1546 23580
30247 43322 1546 257
16376 43322 1546 257
16376 6052 1546 257
39981 6052 1546 13823
39981 6052 316 26909
39981 6052 316 7115
35917 10827 316 7115
3552 11106 1965 678
40615 11106 29757 678
10543 11106 29757 678
21575 11106 5880 836
11283 11106 25661 38302
11283 11106 36465 478
11283 11106 38642 1380
41663 11106 38642 1380
4871 11106 38642 1380
2214 9152 38642 1380
86 25074 4952 1380
86 10383 4952 1380
33127 10383 11916 1380
2 8017 11916 1380
2 8017 11916 1380
2 8017 11916 1380
2 8017 11916 1380
258 639 29237 1380
258 639 581 12613
7551 1464 581 528
4737 1464 581 12650
4532 8987 581 12650
29498 619 45814 12650
5386 609 22361 12650
4925 609 22361 12650
12283 829 22361 12650
5566 829 10323 40345
2907 11021 1988 40345
2907 11021 7374 40345
14287 33699 30 40345
45779 29284 30 40345
12042 9931 2835 40345
20460 2232 2835 40345
32412 26164 2835 40345
25589 27682 2835 40345
833 31090 1594 40345
