23953 1125 539 320
7271 1125 539 320
32029 1125 539 320
32029 1125 539 320
32029 1125 539 320
32029 1125 539 320
32029 1125 539 320
32029 1125 539 320
32029 1125 539 320
32029 1125 539 320
32029 1125 539 320
32029 1125 539 320
4885 2479 539 320
4885 2479 539 320
18351 2479 539 320
18351 2479 539 320
18351 3646 256 320
18351 1848 256 320
18351 1848 256 320
10343 1848 256 320
18351 1848 256 320
18351 1848 256 320
2501 1848 256 320
2501 1848 256 320
29306 1848 256 320
16508 1848 256 320
16508 1848 268 320
16508 1848 268 320
16508 1848 268 320
16508 1848 268 320
16508 1848 268 320
16508 1848 26225 320
16508 1848 26225 320
16508 1848 26225 320
16508 1848 26225 320
40710 1848 26225 320
1739 1848 26225 320
40710 1848 26225 320
40710 24940 26225 320
40710 35233 26225 320
40710 35233 26225 320
40710 35233 26225 320
541 1848 26225 320
13676 40710 26225 320
12523 40710 26225 320
20368 1848 15465 320
20368 1848 15465 320
1994 1848 15465 320
1994 1848 15465 320
1994 1848 15465 320
1994 1848 15465 320
1994 1848 15465 320
1994 1848 15465 320
1994 1848 15465 320
1994 1848 15465 320
12431 1848 15465 320
12431 1848 15465 320
761 1848 15465 320
11215 1848 15465 320
11215 1848 15465 320
11215 1848 15465 320
11215 1848 15465 320
32302 1848 264 320
14535 1848 264 320
14617 1848 264 320
40710 1848 281 320
40710 1848 29688 320
40710 1848 29688 320
40710 1848 29688 320
40710 1848 29688 320
40710 1848 29688 320
35020 1848 29688 320
537 1848 29688 320
537 1848 29688 320
537 1848 29688 320
537 1848 29688 320
537 1848 29688 320
537 1848 29688 320
537 1848 29688 320
537 1848 29688 320
537 1848 29688 320
537 1848 29688 320
537 1848 29688 320
537 1848 29688 320
537 1848 29688 320
537 1848 29688 320
537 1848 29688 320
537 1848 29688 320
537 1848 29688 320
19397 40163 29688 1916
19397 40163 29688 1916
19397 40163 29688 8012
19397 40163 29688 8012
19397 43569 29688 8012
19397 43569 29688 8012
19397 43569 29688 8012
19397 43569 29688 8012
19397 43569 29688 8012
19397 43569 29688 8012
19397 4692 29688 8012
19397 4692 29688 9854
19397 4692 29688 9854
32711 4692 29688 3638
32711 4692 29688 3638
32711 4692 29688 3638
32711 4692 29688 3638
32711 4692 29688 3638
19397 4692 29688 3638
19397 4692 29688 1448
19397 4692 29688 25285
19397 4692 29688 1805
19397 4692 29688 1805
19397 4692 29688 7893
19397 43569 29688 7893
19397 43569 29688 2582
19397 43569 29688 1753
19397 43569 29688 1753
19397 4692 29688 1753
19397 4692 29688 8012
19397 4692 29688 8012
19397 4692 29688 8012
19397 4692 29688 9854
19397 4692 29688 9854
19397 4692 29688 9854
11387 39849 29688 9854
4215 39849 29688 9854
23122 39849 29688 9854
23122 7337 29688 12431
23122 7337 3342 12431
40416 19364 3342 12431
1341 5880 14627 12431
1263 5880 9854 12431
1263 5880 9854 12431
1263 5880 9854 12431
1263 5880 9854 12431
1263 5880 9854 12431
1263 5880 9854 12431
1263 5880 9854 12431
1263 5880 9854 12431
1263 5880 9854 12431
1263 5880 9854 12431
281 5880 9854 12431
281 5880 264 12431
12995 5880 264 12431
12995 5880 264 12431
5302 41298 264 12431
31197 41298 264 12431
31197 41298 264 12431
31197 41298 264 12431
4864 41298 264 12431
4864 8547 26225 12431
4864 41904 26225 12431
2414 41904 26225 12431
24867 2208 26225 12431
20344 5372 26225 12431
20344 17127 26225 12431
20344 17127 26225 12431
20344 17127 26225 12431
4878 1446 26225 12431
4878 1446 26225 12431
4878 1446 26225 12431
4878 1446 26225 12431
4878 1446 26225 12431
4878 1446 26225 12431
4878 1446 26225 12431
5880 2432 26225 12431
2991 2432 26225 12431
1539 2432 26225 12431
9252 2432 26225 12431
23470 22620 26225 12431
23470 21399 26225 12431
23470 17380 26225 12431
15871 36029 26225 12431
15871 24109 26225 12431
1153 18319 26225 12431
19801 18319 26225 12431
19801 18319 26225 12431
19801 18319 26225 12431
19801 18319 26225 12431
19801 18319 26225 12431
684 18319 26225 12431
684 18319 26225 12431
684 18319 728 12431
684 18319 852 12431
684 18319 852 12431
684 18319 852 12431
38803 6160 852 12431
38867 10642 852 12431
38867 10642 852 12431
38867 10642 852 12431
38867 10642 852 12431
38867 10642 20566 12431
38867 10642 17545 12431
38867 10642 17545 12431
38867 10642 17545 12431
38867 10642 17545 12431
38867 10642 17545 12431
38867 10642 17545 12431
38867 7327 17545 12431
4571 7327 17545 12431
44988 7327 17545 12431
44988 7327 17545 12431
44988 38539 17545 12431
44988 38539 17545 12431
44988 1294 17545 12431
44988 1294 17545 12431
44988 1294 17545 12431
44988 1294 17545 12431
2507 33177 17545 12431
2507 13478 17545 12431
2507 13478 17545 12431
2507 10446 17545 12431
2507 30046 22020 12431
2507 9766 29465 12431
2507 9766 29465 12431
2507 9766 29465 12431
2507 9766 29465 12431
2507 9766 29465 12431
2507 9766 29465 12431
2507 9766 29465 12431
2507 9766 29465 12431
2507 9766 29465 12431
2507 9766 29465 12431
2507 9766 29465 12431
2507 9766 29465 12431
2507 9766 29465 12431
44834 34570 8012 3638
8195 34570 8012 3638
8195 34570 12231 3638
8195 34570 33495 3628
8195 34570 1848 3628
14339 34570 41239 3628
14339 34570 41239 3628
14339 34570 41239 3628
14339 34570 41239 3628
14339 34570 36914 3628
1978 34570 36914 3628
21616 34570 36914 3628
21616 34570 36914 3628
17043 34570 270 3628
8999 34570 1978 3628
8999 34570 1978 3628
27735 34570 1978 3628
6665 34570 1978 4096
6665 34570 1978 4096
6665 34570 1978 3638
262 34570 1978 3638
262 34570 1978 4925
1848 34570 1978 12431
1848 34570 1978 12431
1848 34570 1130 12431
1848 34570 16128 12431
1848 34570 16128 12431
1848 34570 16128 12431
1848 34570 21418 12431
1848 34570 772 1010
1848 34570 772 6528
1848 10323 772 6528
1848 10323 772 6528
1848 10323 772 6528
1848 13165 772 10588
1215 134 772 10588
1848 134 772 10588
1848 134 772 10588
3241 134 772 10588
3241 32173 772 10588
15634 6634 772 34373
1848 20891 772 34373
1848 20891 772 34373
1848 2165 772 34373
1848 2165 772 34373
1848 2165 772 34373
1848 2165 772 34373
1848 2165 772 34373
1848 2165 772 34373
1848 2165 772 34373
1848 2165 772 34373
1848 2165 772 8038
1848 2165 772 20357
1848 2165 772 9285
1848 2165 6154 9285
1848 17187 571 9285
1848 25917 624 9285
1848 1070 624 9285
1848 1070 624 9285
1848 1070 624 9285
1848 1070 624 9285
1848 1070 624 9285
1848 1070 624 9285
1848 1070 624 9285
1848 1070 624 9285
1848 1070 624 9285
1848 15465 624 9285
1848 15465 514 1785
1848 15465 514 1785
1848 15465 514 1785
1848 1444 514 1785
1848 1444 514 1785
1848 1444 514 1785
1848 4759 514 22967
1848 5960 514 22967
1848 6634 514 3301
1848 1192 514 1010
1848 1192 795 1010
1848 18212 1107 912
1848 18212 635 912
1848 18212 635 912
1848 18212 653 912
1848 18212 653 912
32302 18212 653 912
1848 18212 653 912
1848 18212 653 912
1848 18212 653 912
1848 18212 653 912
1848 18212 653 912
1848 18212 653 912
1848 18212 653 912
1848 18212 653 912
1848 18212 653 912
1848 18212 653 912
32302 18212 653 912
32302 18212 653 912
32302 18212 653 912
20368 18212 653 912
1848 18212 653 912
1848 15513 653 912
1848 2077 653 912
1848 2582 653 912
1848 2582 653 912
1848 1664 653 912
1848 1664 653 912
1848 1664 653 912
1848 1664 653 912
1848 1664 653 912
1848 1664 653 912
1848 1664 653 912
1848 1664 653 912
1848 1664 653 912
1848 1664 653 912
1848 1664 653 912
1848 1664 653 912
1848 1664 653 912
1848 1664 653 912
1848 1664 653 912
1848 1664 653 912
1848 1664 653 912
1848 1664 653 912
1848 1664 653 912
1848 1664 653 912
1848 1664 653 912
1848 1664 653 912
1848 1664 653 912
1848 1664 653 912
1848 1664 653 912
1848 1664 653 912
1848 1664 653 912
1848 1664 653 912
1848 1664 653 912
1848 1664 653 912
1848 1664 653 912
1848 3374 653 912
1848 3374 653 912
1848 3374 653 912
1848 3374 653 912
1848 3342 653 912
1848 3342 653 912
1848 1664 653 912
1848 1664 653 912
1848 1664 653 912
1848 1664 653 912
1848 1664 653 912
1848 1664 653 912
1848 1664 653 912
1848 1664 653 912
1848 1664 653 912
1848 1664 653 912
1848 1664 653 912
1848 1664 653 912
1848 1664 653 912
1848 1664 653 912
1848 2582 653 912
1848 2582 13165 912
1848 2582 13165 912
1848 2582 13165 912
1848 2582 13165 912
1848 2582 13165 912
1848 2582 13165 912
1848 2582 13165 912
1848 2582 13165 912
1848 2582 13165 912
1848 2582 13165 912
1848 2582 13165 912
1848 2582 13165 912
1848 2582 13165 912
1848 2582 13165 2829
1848 40710 7488 879
1848 40710 4703 879
1848 30253 22885 879
1848 30253 22885 879
1848 30253 2582 879
1848 30253 2582 879
1848 30253 2582 879
1848 30253 22885 879
1848 30253 22885 879
1848 30253 22885 879
2442 30253 1132 2699
2442 20167 91 2699
2442 1648 91 2699
36298 1648 1261 896
36298 1648 1261 896
36298 1648 1261 896
36298 1648 1261 896
36298 1648 1261 896
36298 1648 1261 896
36298 1648 1261 896
36298 1648 1261 896
36298 1648 1261 896
36298 1648 1261 896
36298 1648 268 46145
36298 1648 268 789
36298 1648 268 789
36298 1648 268 789
36298 1648 268 789
36298 1648 268 789
36298 1648 268 789
36298 1648 268 789
36298 1648 268 789
36298 1648 268 789
36298 1648 268 789
36298 1648 268 789
12567 1648 268 789
12567 1648 268 789
12567 1648 268 789
35343 1648 268 789
35343 1648 268 789
35343 1648 268 3241
5560 1648 268 25877
3638 1648 268 25877
3638 2688 268 25877
3638 1237 268 5603
3638 1237 268 5603
3638 1237 268 5603
3638 1237 268 5603
3638 19285 268 5603
25486 37964 268 5603
10254 12988 268 5603
20344 18558 268 5603
10254 9888 268 5603
5460 9888 268 5603
5460 9888 268 5603
5460 9888 268 5603
5460 9888 268 5603
672 9888 268 5603
10999 5347 268 5603
1221 1251 268 5603
1221 1251 268 5603
8414 17033 268 5603
8414 9883 268 5603
8414 9883 268 5603
8414 27271 268 9832
8414 1480 268 9832
22148 1480 268 9832
22148 3836 268 9832
